<?xml version="1.0" encoding="UTF-8"?>
<!-- Generated by org.testng.reporters.JUnitXMLReporter -->
<testsuite ignored="0" hostname="LAPTOP-JA1FK4VN" failures="0" tests="3" name="Default test" time="27.556" errors="0" timestamp="2023-09-20T19:28:36 IST">
  <testcase classname="Module1_Test.Adactin_TestClass" name="VerifyUserName" time="1.266"/>
  <testcase classname="Module1_Test.Adactin_TestClass" name="GetTitleofApp" time="0.158"/>
  <testcase classname="Module1_Test.Adactin_TestClass" name="BookAHotel" time="5.35"/>
</testsuite> <!-- Default test -->
