<?xml version="1.0" encoding="UTF-8"?>
<testng-results ignored="0" total="3" passed="3" failed="0" skipped="0">
  <reporter-output>
  </reporter-output>
  <suite started-at="2023-09-20T19:28:09 IST" name="Default suite" finished-at="2023-09-20T19:28:36 IST" duration-ms="27556">
    <groups>
    </groups>
    <test started-at="2023-09-20T19:28:09 IST" name="Default test" finished-at="2023-09-20T19:28:36 IST" duration-ms="27556">
      <class name="Module1_Test.Adactin_TestClass">
        <test-method is-config="true" signature="OpenBrowser()[pri:0, instance:Module1_Test.Adactin_TestClass@4a8355dd]" started-at="2023-09-20T19:28:09 IST" name="OpenBrowser" finished-at="2023-09-20T19:28:20 IST" duration-ms="11195" status="PASS">
          <reporter-output>
          </reporter-output>
        </test-method> <!-- OpenBrowser -->
        <test-method is-config="true" signature="LoginToAPP()[pri:0, instance:Module1_Test.Adactin_TestClass@4a8355dd]" started-at="2023-09-20T19:28:20 IST" name="LoginToAPP" finished-at="2023-09-20T19:28:23 IST" duration-ms="2699" status="PASS">
          <reporter-output>
          </reporter-output>
        </test-method> <!-- LoginToAPP -->
        <test-method signature="VerifyUserName()[pri:1, instance:Module1_Test.Adactin_TestClass@4a8355dd]" started-at="2023-09-20T19:28:23 IST" name="VerifyUserName" finished-at="2023-09-20T19:28:24 IST" duration-ms="1266" status="PASS">
          <reporter-output>
          </reporter-output>
        </test-method> <!-- VerifyUserName -->
        <test-method is-config="true" signature="LogoutFromApp(org.testng.ITestResult)[pri:0, instance:Module1_Test.Adactin_TestClass@4a8355dd]" started-at="2023-09-20T19:28:24 IST" name="LogoutFromApp" finished-at="2023-09-20T19:28:25 IST" duration-ms="1160" status="PASS">
          <params>
            <param index="0">
              <value>
                <![CDATA[[TestResult name=VerifyUserName status=SUCCESS method=Adactin_TestClass.VerifyUserName()[pri:1, instance:Module1_Test.Adactin_TestClass@4a8355dd] output={null}]]]>
              </value>
            </param>
          </params>
          <reporter-output>
          </reporter-output>
        </test-method> <!-- LogoutFromApp -->
        <test-method is-config="true" signature="LoginToAPP()[pri:0, instance:Module1_Test.Adactin_TestClass@4a8355dd]" started-at="2023-09-20T19:28:25 IST" name="LoginToAPP" finished-at="2023-09-20T19:28:26 IST" duration-ms="990" status="PASS">
          <reporter-output>
          </reporter-output>
        </test-method> <!-- LoginToAPP -->
        <test-method signature="GetTitleofApp()[pri:2, instance:Module1_Test.Adactin_TestClass@4a8355dd]" started-at="2023-09-20T19:28:26 IST" name="GetTitleofApp" finished-at="2023-09-20T19:28:26 IST" duration-ms="158" status="PASS">
          <reporter-output>
          </reporter-output>
        </test-method> <!-- GetTitleofApp -->
        <test-method is-config="true" signature="LogoutFromApp(org.testng.ITestResult)[pri:0, instance:Module1_Test.Adactin_TestClass@4a8355dd]" started-at="2023-09-20T19:28:26 IST" name="LogoutFromApp" finished-at="2023-09-20T19:28:28 IST" duration-ms="1508" status="PASS">
          <params>
            <param index="0">
              <value>
                <![CDATA[[TestResult name=GetTitleofApp status=SUCCESS method=Adactin_TestClass.GetTitleofApp()[pri:2, instance:Module1_Test.Adactin_TestClass@4a8355dd] output={null}]]]>
              </value>
            </param>
          </params>
          <reporter-output>
          </reporter-output>
        </test-method> <!-- LogoutFromApp -->
        <test-method is-config="true" signature="LoginToAPP()[pri:0, instance:Module1_Test.Adactin_TestClass@4a8355dd]" started-at="2023-09-20T19:28:28 IST" name="LoginToAPP" finished-at="2023-09-20T19:28:29 IST" duration-ms="1088" status="PASS">
          <reporter-output>
          </reporter-output>
        </test-method> <!-- LoginToAPP -->
        <test-method signature="BookAHotel()[pri:3, instance:Module1_Test.Adactin_TestClass@4a8355dd]" started-at="2023-09-20T19:28:29 IST" name="BookAHotel" finished-at="2023-09-20T19:28:34 IST" duration-ms="5350" status="PASS">
          <reporter-output>
          </reporter-output>
        </test-method> <!-- BookAHotel -->
        <test-method is-config="true" signature="LogoutFromApp(org.testng.ITestResult)[pri:0, instance:Module1_Test.Adactin_TestClass@4a8355dd]" started-at="2023-09-20T19:28:34 IST" name="LogoutFromApp" finished-at="2023-09-20T19:28:35 IST" duration-ms="1167" status="PASS">
          <params>
            <param index="0">
              <value>
                <![CDATA[[TestResult name=BookAHotel status=SUCCESS method=Adactin_TestClass.BookAHotel()[pri:3, instance:Module1_Test.Adactin_TestClass@4a8355dd] output={null}]]]>
              </value>
            </param>
          </params>
          <reporter-output>
          </reporter-output>
        </test-method> <!-- LogoutFromApp -->
        <test-method is-config="true" signature="CloseBrowser()[pri:0, instance:Module1_Test.Adactin_TestClass@4a8355dd]" started-at="2023-09-20T19:28:35 IST" name="CloseBrowser" finished-at="2023-09-20T19:28:36 IST" duration-ms="876" status="PASS">
          <reporter-output>
          </reporter-output>
        </test-method> <!-- CloseBrowser -->
      </class> <!-- Module1_Test.Adactin_TestClass -->
    </test> <!-- Default test -->
  </suite> <!-- Default suite -->
</testng-results>
